ParseStarterProject/build/intermediates/manifest_merge_blame_file/debug/manifest-merger-blame-debug-report.txt
1<?xml version="1.0" encoding="utf-8"?>
2<manifest xmlns:android="http://schemas.android.com/apk/res/android"
3    package="com.parse.starter"
4    android:versionCode="1"
5    android:versionName="1.0" >
6
7    <uses-sdk
8        android:minSdkVersion="26"
8-->src\main\AndroidManifest.xml
9        android:targetSdkVersion="26" />
9-->src\main\AndroidManifest.xml
10
11    <uses-permission android:name="android.permission.INTERNET" />
11-->src\main\AndroidManifest.xml:5:5-67
11-->src\main\AndroidManifest.xml:5:22-64
12    <uses-permission android:name="android.permission.ACCESS_NETWORK_STATE" />
12-->src\main\AndroidManifest.xml:6:5-79
12-->src\main\AndroidManifest.xml:6:22-76
13    <uses-permission android:name="android.permission.READ_EXTERNAL_STORAGE" />
13-->src\main\AndroidManifest.xml:7:5-80
13-->src\main\AndroidManifest.xml:7:22-77
14    <uses-permission android:name="android.permission.ACCESS_FINE_LOCATION" />
14-->src\main\AndroidManifest.xml:8:5-79
14-->src\main\AndroidManifest.xml:8:22-76
15
16    <!-- Optional permission for Analytics to run. -->
17    <uses-permission android:name="android.permission.WAKE_LOCK" /> <!-- Permissions required for GCM -->
17-->[com.google.android.gms:play-services-analytics:9.4.0] AndroidManifest.xml:25:5-67
17-->[com.google.android.gms:play-services-analytics:9.4.0] AndroidManifest.xml:25:22-65
18    <uses-permission android:name="com.google.android.c2dm.permission.RECEIVE" />
18-->[com.google.android.gms:play-services-gcm:9.4.0] AndroidManifest.xml:21:5-82
18-->[com.google.android.gms:play-services-gcm:9.4.0] AndroidManifest.xml:21:22-79
19
20    <uses-feature
20-->[com.google.android.gms:play-services-maps:9.4.0] AndroidManifest.xml:22:5-24:33
21        android:glEsVersion="0x00020000"
21-->[com.google.android.gms:play-services-maps:9.4.0] AndroidManifest.xml:23:8-40
22        android:required="true" />
22-->[com.google.android.gms:play-services-maps:9.4.0] AndroidManifest.xml:24:8-31
23
24    <permission
24-->[com.google.firebase:firebase-iid:9.4.0] AndroidManifest.xml:25:5-26:47
25        android:name="com.parse.starter.permission.C2D_MESSAGE"
25-->[com.google.firebase:firebase-iid:9.4.0] AndroidManifest.xml:25:17-71
26        android:protectionLevel="signature" />
26-->[com.google.firebase:firebase-iid:9.4.0] AndroidManifest.xml:26:9-44
27
28    <uses-permission android:name="com.parse.starter.permission.C2D_MESSAGE" />
28-->[com.google.firebase:firebase-iid:9.4.0] AndroidManifest.xml:28:5-79
28-->[com.google.firebase:firebase-iid:9.4.0] AndroidManifest.xml:28:22-76
29
30    <application
30-->src\main\AndroidManifest.xml:10:5-27:19
31        android:name="com.parse.starter.StarterApplication"
31-->src\main\AndroidManifest.xml:11:9-43
32        android:allowBackup="true"
32-->src\main\AndroidManifest.xml:12:9-35
33        android:debuggable="true"
34        android:extractNativeLibs="false"
35        android:icon="@mipmap/ic_launcher"
35-->src\main\AndroidManifest.xml:13:9-43
36        android:label="@string/app_name"
36-->src\main\AndroidManifest.xml:14:9-41
37        android:testOnly="true"
38        android:theme="@style/AppTheme" >
38-->src\main\AndroidManifest.xml:15:9-40
39        <activity android:name="com.parse.starter.FeedActivity" />
39-->src\main\AndroidManifest.xml:16:9-59
39-->src\main\AndroidManifest.xml:16:19-47
40        <activity android:name="com.parse.starter.UsersActivity" />
40-->src\main\AndroidManifest.xml:17:9-51
40-->src\main\AndroidManifest.xml:17:19-48
41        <activity
41-->src\main\AndroidManifest.xml:18:9-26:20
42            android:name="com.parse.starter.MainActivity"
42-->src\main\AndroidManifest.xml:19:13-41
43            android:label="@string/app_name" >
43-->src\main\AndroidManifest.xml:20:13-45
44            <intent-filter>
44-->src\main\AndroidManifest.xml:21:13-25:29
45                <action android:name="android.intent.action.MAIN" />
45-->src\main\AndroidManifest.xml:22:17-69
45-->src\main\AndroidManifest.xml:22:25-66
46
47                <category android:name="android.intent.category.LAUNCHER" />
47-->src\main\AndroidManifest.xml:24:17-77
47-->src\main\AndroidManifest.xml:24:27-74
48            </intent-filter>
49        </activity>
50
51        <receiver android:name="com.google.android.gms.cast.framework.media.MediaIntentReceiver" />
51-->[com.google.android.gms:play-services-cast-framework:9.4.0] AndroidManifest.xml:6:9-100
51-->[com.google.android.gms:play-services-cast-framework:9.4.0] AndroidManifest.xml:6:19-97
52
53        <service android:name="com.google.android.gms.cast.framework.media.MediaNotificationService" />
53-->[com.google.android.gms:play-services-cast-framework:9.4.0] AndroidManifest.xml:7:9-104
53-->[com.google.android.gms:play-services-cast-framework:9.4.0] AndroidManifest.xml:7:18-101
54        <service android:name="com.google.android.gms.cast.framework.ReconnectionService" />
54-->[com.google.android.gms:play-services-cast-framework:9.4.0] AndroidManifest.xml:8:9-92
54-->[com.google.android.gms:play-services-cast-framework:9.4.0] AndroidManifest.xml:8:18-90
55
56        <meta-data
56-->[com.android.support:appcompat-v7:26.0.0] AndroidManifest.xml:26:9-28:38
57            android:name="android.support.VERSION"
57-->[com.android.support:appcompat-v7:26.0.0] AndroidManifest.xml:27:13-51
58            android:value="26.0.0" /> <!-- Include the AdActivity and InAppPurchaseActivity configChanges and themes. -->
58-->[com.android.support:appcompat-v7:26.0.0] AndroidManifest.xml:28:13-35
59        <activity
59-->[com.google.android.gms:play-services-ads-lite:9.4.0] AndroidManifest.xml:26:9-29:64
60            android:name="com.google.android.gms.ads.AdActivity"
60-->[com.google.android.gms:play-services-ads-lite:9.4.0] AndroidManifest.xml:27:13-65
61            android:configChanges="keyboard|keyboardHidden|orientation|screenLayout|uiMode|screenSize|smallestScreenSize"
61-->[com.google.android.gms:play-services-ads-lite:9.4.0] AndroidManifest.xml:28:13-122
62            android:theme="@android:style/Theme.Translucent" />
62-->[com.google.android.gms:play-services-ads-lite:9.4.0] AndroidManifest.xml:29:13-61
63        <activity
63-->[com.google.android.gms:play-services-ads-lite:9.4.0] AndroidManifest.xml:30:9-31:52
64            android:name="com.google.android.gms.ads.purchase.InAppPurchaseActivity"
64-->[com.google.android.gms:play-services-ads-lite:9.4.0] AndroidManifest.xml:30:19-91
65            android:theme="@style/Theme.IAPTheme" />
65-->[com.google.android.gms:play-services-ads-lite:9.4.0] AndroidManifest.xml:31:13-50
66        <activity
66-->[com.google.android.gms:play-services-appinvite:9.4.0] AndroidManifest.xml:21:9-29:20
67            android:name="com.google.android.gms.appinvite.PreviewActivity"
67-->[com.google.android.gms:play-services-appinvite:9.4.0] AndroidManifest.xml:22:17-48
68            android:exported="true"
68-->[com.google.android.gms:play-services-appinvite:9.4.0] AndroidManifest.xml:23:17-40
69            android:theme="@style/Theme.AppInvite.Preview" >
69-->[com.google.android.gms:play-services-appinvite:9.4.0] AndroidManifest.xml:24:17-63
70            <intent-filter>
70-->[com.google.android.gms:play-services-appinvite:9.4.0] AndroidManifest.xml:25:13-28:29
71                <action android:name="com.google.android.gms.appinvite.ACTION_PREVIEW" />
71-->[com.google.android.gms:play-services-appinvite:9.4.0] AndroidManifest.xml:26:17-89
71-->[com.google.android.gms:play-services-appinvite:9.4.0] AndroidManifest.xml:26:25-87
72
73                <category android:name="android.intent.category.DEFAULT" />
73-->[com.google.android.gms:play-services-appinvite:9.4.0] AndroidManifest.xml:27:17-75
73-->[com.google.android.gms:play-services-appinvite:9.4.0] AndroidManifest.xml:27:27-73
74            </intent-filter>
75        </activity>
76        <activity
76-->[com.google.android.gms:play-services-auth:9.4.0] AndroidManifest.xml:21:9-24:46
77            android:name="com.google.android.gms.auth.api.signin.internal.SignInHubActivity"
77-->[com.google.android.gms:play-services-auth:9.4.0] AndroidManifest.xml:21:19-68
78            android:excludeFromRecents="true"
78-->[com.google.android.gms:play-services-auth:9.4.0] AndroidManifest.xml:23:19-52
79            android:exported="false"
79-->[com.google.android.gms:play-services-auth:9.4.0] AndroidManifest.xml:24:19-43
80            android:theme="@android:style/Theme.Translucent.NoTitleBar" />
80-->[com.google.android.gms:play-services-auth:9.4.0] AndroidManifest.xml:22:19-78
81        <!--
82Service handling Google Sign-In user revocation. For apps that do not integrate with
83            Google Sign-In, this service will never be started.
84        -->
85        <service
85-->[com.google.android.gms:play-services-auth:9.4.0] AndroidManifest.xml:28:9-31:110
86            android:name="com.google.android.gms.auth.api.signin.RevocationBoundService"
86-->[com.google.android.gms:play-services-auth:9.4.0] AndroidManifest.xml:29:13-58
87            android:exported="true"
87-->[com.google.android.gms:play-services-auth:9.4.0] AndroidManifest.xml:30:13-36
88            android:permission="com.google.android.gms.auth.api.signin.permission.REVOCATION_NOTIFICATION" />
88-->[com.google.android.gms:play-services-auth:9.4.0] AndroidManifest.xml:31:13-107
89        <service
89-->[com.google.firebase:firebase-crash:9.4.0] AndroidManifest.xml:26:9-27:50
90            android:name="com.google.firebase.crash.internal.service.FirebaseCrashReceiverService"
90-->[com.google.firebase:firebase-crash:9.4.0] AndroidManifest.xml:26:18-79
91            android:process=":background_crash" />
91-->[com.google.firebase:firebase-crash:9.4.0] AndroidManifest.xml:27:13-48
92        <service
92-->[com.google.firebase:firebase-crash:9.4.0] AndroidManifest.xml:29:9-30:50
93            android:name="com.google.firebase.crash.internal.service.FirebaseCrashSenderService"
93-->[com.google.firebase:firebase-crash:9.4.0] AndroidManifest.xml:29:18-77
94            android:process=":background_crash" />
94-->[com.google.firebase:firebase-crash:9.4.0] AndroidManifest.xml:30:13-48
95
96        <activity
96-->[com.google.android.gms:play-services-base:9.4.0] AndroidManifest.xml:20:9-22:45
97            android:name="com.google.android.gms.common.api.GoogleApiActivity"
97-->[com.google.android.gms:play-services-base:9.4.0] AndroidManifest.xml:20:19-85
98            android:exported="false"
98-->[com.google.android.gms:play-services-base:9.4.0] AndroidManifest.xml:22:19-43
99            android:theme="@android:style/Theme.Translucent.NoTitleBar" />
99-->[com.google.android.gms:play-services-base:9.4.0] AndroidManifest.xml:21:19-78
100        <!--
101 FirebaseMessagingService performs security checks at runtime,
102             no need for explicit permissions despite exported="true"
103        -->
104        <service
104-->[com.google.firebase:firebase-messaging:9.4.0] AndroidManifest.xml:24:9-30:19
105            android:name="com.google.firebase.messaging.FirebaseMessagingService"
105-->[com.google.firebase:firebase-messaging:9.4.0] AndroidManifest.xml:25:13-82
106            android:exported="true" >
106-->[com.google.firebase:firebase-messaging:9.4.0] AndroidManifest.xml:26:13-36
107            <intent-filter android:priority="-500" >
107-->[com.google.firebase:firebase-messaging:9.4.0] AndroidManifest.xml:27:13-29:29
107-->[com.google.firebase:firebase-messaging:9.4.0] AndroidManifest.xml:27:28-51
108                <action android:name="com.google.firebase.MESSAGING_EVENT" />
108-->[com.google.firebase:firebase-messaging:9.4.0] AndroidManifest.xml:28:17-78
108-->[com.google.firebase:firebase-messaging:9.4.0] AndroidManifest.xml:28:25-75
109            </intent-filter>
110        </service>
111        <service
111-->[com.google.android.gms:play-services-tagmanager-api:9.4.0] AndroidManifest.xml:25:9-27:42
112            android:name="com.google.android.gms.tagmanager.TagManagerService"
112-->[com.google.android.gms:play-services-tagmanager-api:9.4.0] AndroidManifest.xml:25:18-84
113            android:enabled="true"
113-->[com.google.android.gms:play-services-tagmanager-api:9.4.0] AndroidManifest.xml:27:17-39
114            android:exported="false" />
114-->[com.google.android.gms:play-services-tagmanager-api:9.4.0] AndroidManifest.xml:26:17-41
115
116        <activity
116-->[com.google.android.gms:play-services-tagmanager-api:9.4.0] AndroidManifest.xml:28:9-37:20
117            android:name="com.google.android.gms.tagmanager.TagManagerPreviewActivity"
117-->[com.google.android.gms:play-services-tagmanager-api:9.4.0] AndroidManifest.xml:29:13-87
118            android:noHistory="true" > <!-- optional, removes the previewActivity from the activity stack. -->
118-->[com.google.android.gms:play-services-tagmanager-api:9.4.0] AndroidManifest.xml:30:13-37
119            <intent-filter>
119-->[com.google.android.gms:play-services-tagmanager-api:9.4.0] AndroidManifest.xml:31:13-36:29
120                <data android:scheme="tagmanager.c.com.parse.starter" />
120-->[com.google.android.gms:play-services-tagmanager-api:9.4.0] AndroidManifest.xml:32:17-72
120-->[com.google.android.gms:play-services-tagmanager-api:9.4.0] AndroidManifest.xml:32:23-69
121
122                <action android:name="android.intent.action.VIEW" />
122-->[com.google.android.gms:play-services-tagmanager-api:9.4.0] AndroidManifest.xml:33:17-69
122-->[com.google.android.gms:play-services-tagmanager-api:9.4.0] AndroidManifest.xml:33:25-66
123
124                <category android:name="android.intent.category.DEFAULT" />
124-->[com.google.android.gms:play-services-appinvite:9.4.0] AndroidManifest.xml:27:17-75
124-->[com.google.android.gms:play-services-appinvite:9.4.0] AndroidManifest.xml:27:27-73
125                <category android:name="android.intent.category.BROWSABLE" />
125-->[com.google.android.gms:play-services-tagmanager-api:9.4.0] AndroidManifest.xml:35:17-77
125-->[com.google.android.gms:play-services-tagmanager-api:9.4.0] AndroidManifest.xml:35:27-75
126            </intent-filter>
127        </activity>
128
129        <receiver
129-->[com.google.firebase:firebase-analytics:9.4.0] AndroidManifest.xml:28:7-34:18
130            android:name="com.google.android.gms.measurement.AppMeasurementReceiver"
130-->[com.google.firebase:firebase-analytics:9.4.0] AndroidManifest.xml:29:11-83
131            android:enabled="true" >
131-->[com.google.firebase:firebase-analytics:9.4.0] AndroidManifest.xml:30:11-33
132            <intent-filter>
132-->[com.google.firebase:firebase-analytics:9.4.0] AndroidManifest.xml:31:9-33:25
133                <action android:name="com.google.android.gms.measurement.UPLOAD" />
133-->[com.google.firebase:firebase-analytics:9.4.0] AndroidManifest.xml:32:11-77
133-->[com.google.firebase:firebase-analytics:9.4.0] AndroidManifest.xml:32:19-75
134            </intent-filter>
135        </receiver>
136
137        <service
137-->[com.google.firebase:firebase-analytics:9.4.0] AndroidManifest.xml:36:7-39:37
138            android:name="com.google.android.gms.measurement.AppMeasurementService"
138-->[com.google.firebase:firebase-analytics:9.4.0] AndroidManifest.xml:37:11-82
139            android:enabled="true"
139-->[com.google.firebase:firebase-analytics:9.4.0] AndroidManifest.xml:38:11-33
140            android:exported="false" />
140-->[com.google.firebase:firebase-analytics:9.4.0] AndroidManifest.xml:39:11-35
141
142        <receiver
142-->[com.google.firebase:firebase-iid:9.4.0] AndroidManifest.xml:32:9-41:20
143            android:name="com.google.firebase.iid.FirebaseInstanceIdReceiver"
143-->[com.google.firebase:firebase-iid:9.4.0] AndroidManifest.xml:33:13-78
144            android:exported="true"
144-->[com.google.firebase:firebase-iid:9.4.0] AndroidManifest.xml:34:13-36
145            android:permission="com.google.android.c2dm.permission.SEND" >
145-->[com.google.firebase:firebase-iid:9.4.0] AndroidManifest.xml:35:13-73
146            <intent-filter>
146-->[com.google.firebase:firebase-iid:9.4.0] AndroidManifest.xml:36:13-40:29
147                <action android:name="com.google.android.c2dm.intent.RECEIVE" />
147-->[com.google.firebase:firebase-iid:9.4.0] AndroidManifest.xml:37:17-81
147-->[com.google.firebase:firebase-iid:9.4.0] AndroidManifest.xml:37:25-78
148                <action android:name="com.google.android.c2dm.intent.REGISTRATION" />
148-->[com.google.firebase:firebase-iid:9.4.0] AndroidManifest.xml:38:17-86
148-->[com.google.firebase:firebase-iid:9.4.0] AndroidManifest.xml:38:25-83
149
150                <category android:name="com.parse.starter" />
150-->[com.google.firebase:firebase-iid:9.4.0] AndroidManifest.xml:39:17-61
150-->[com.google.firebase:firebase-iid:9.4.0] AndroidManifest.xml:39:27-58
151            </intent-filter>
152        </receiver>
153        <!--
154 Internal (not exported) receiver used by the app to start its own exported services
155             without risk of being spoofed.
156        -->
157        <receiver
157-->[com.google.firebase:firebase-iid:9.4.0] AndroidManifest.xml:45:9-47:40
158            android:name="com.google.firebase.iid.FirebaseInstanceIdInternalReceiver"
158-->[com.google.firebase:firebase-iid:9.4.0] AndroidManifest.xml:46:13-86
159            android:exported="false" />
159-->[com.google.firebase:firebase-iid:9.4.0] AndroidManifest.xml:47:13-37
160        <!--
161 FirebaseInstanceIdService performs security checks at runtime,
162             no need for explicit permissions despite exported="true"
163        -->
164        <service
164-->[com.google.firebase:firebase-iid:9.4.0] AndroidManifest.xml:51:9-57:19
165            android:name="com.google.firebase.iid.FirebaseInstanceIdService"
165-->[com.google.firebase:firebase-iid:9.4.0] AndroidManifest.xml:52:13-77
166            android:exported="true" >
166-->[com.google.firebase:firebase-iid:9.4.0] AndroidManifest.xml:53:13-36
167            <intent-filter android:priority="-500" >
167-->[com.google.firebase:firebase-iid:9.4.0] AndroidManifest.xml:54:13-56:29
167-->[com.google.firebase:firebase-iid:9.4.0] AndroidManifest.xml:54:28-51
168                <action android:name="com.google.firebase.INSTANCE_ID_EVENT" />
168-->[com.google.firebase:firebase-iid:9.4.0] AndroidManifest.xml:55:17-80
168-->[com.google.firebase:firebase-iid:9.4.0] AndroidManifest.xml:55:25-77
169            </intent-filter>
170        </service>
171
172        <provider
172-->[com.google.firebase:firebase-common:9.4.0] AndroidManifest.xml:7:9-11:39
173            android:name="com.google.firebase.provider.FirebaseInitProvider"
173-->[com.google.firebase:firebase-common:9.4.0] AndroidManifest.xml:9:13-58
174            android:authorities="com.parse.starter.firebaseinitprovider"
174-->[com.google.firebase:firebase-common:9.4.0] AndroidManifest.xml:8:13-72
175            android:exported="false"
175-->[com.google.firebase:firebase-common:9.4.0] AndroidManifest.xml:10:13-37
176            android:initOrder="100" />
176-->[com.google.firebase:firebase-common:9.4.0] AndroidManifest.xml:11:13-36
177
178        <meta-data
178-->[com.google.android.gms:play-services-basement:9.4.0] AndroidManifest.xml:21:9-23:69
179            android:name="com.google.android.gms.version"
179-->[com.google.android.gms:play-services-basement:9.4.0] AndroidManifest.xml:22:13-58
180            android:value="@integer/google_play_services_version" />
180-->[com.google.android.gms:play-services-basement:9.4.0] AndroidManifest.xml:23:13-66
181    </application>
182
183</manifest>